16:49:33.456 [main] INFO  testCases.TC_003_LoginDDT - **** Starting TC_003_LoginDDT *****
16:49:34.067 [main] INFO  testCases.TC_003_LoginDDT - clicked on login link..
16:49:34.069 [main] INFO  testCases.TC_003_LoginDDT - Entering valid email and password..
16:49:35.080 [main] INFO  testCases.TC_003_LoginDDT - clicked on login button..
16:49:35.925 [main] INFO  testCases.TC_003_LoginDDT - **** Finished TC_003_LoginDDT *****
16:49:35.933 [main] INFO  testCases.TC_003_LoginDDT - **** Starting TC_003_LoginDDT *****
16:49:36.455 [main] INFO  testCases.TC_003_LoginDDT - clicked on login link..
16:49:36.456 [main] INFO  testCases.TC_003_LoginDDT - Entering valid email and password..
16:49:37.455 [main] INFO  testCases.TC_003_LoginDDT - clicked on login button..
16:49:47.592 [main] INFO  testCases.TC_003_LoginDDT - **** Finished TC_003_LoginDDT *****
16:49:47.608 [main] INFO  testCases.TC_003_LoginDDT - **** Starting TC_003_LoginDDT *****
16:49:48.083 [main] INFO  testCases.TC_003_LoginDDT - clicked on login link..
16:49:48.083 [main] INFO  testCases.TC_003_LoginDDT - Entering valid email and password..
16:49:48.739 [main] INFO  testCases.TC_003_LoginDDT - clicked on login button..
16:49:58.777 [main] INFO  testCases.TC_003_LoginDDT - **** Finished TC_003_LoginDDT *****
16:49:58.784 [main] INFO  testCases.TC_003_LoginDDT - **** Starting TC_003_LoginDDT *****
16:49:59.258 [main] INFO  testCases.TC_003_LoginDDT - clicked on login link..
16:49:59.258 [main] INFO  testCases.TC_003_LoginDDT - Entering valid email and password..
16:49:59.896 [main] INFO  testCases.TC_003_LoginDDT - clicked on login button..
16:50:09.913 [main] INFO  testCases.TC_003_LoginDDT - **** Finished TC_003_LoginDDT *****
16:50:09.917 [main] INFO  testCases.TC_003_LoginDDT - **** Starting TC_003_LoginDDT *****
16:50:10.392 [main] INFO  testCases.TC_003_LoginDDT - clicked on login link..
16:50:10.393 [main] INFO  testCases.TC_003_LoginDDT - Entering valid email and password..
16:50:11.348 [main] INFO  testCases.TC_003_LoginDDT - clicked on login button..
16:50:12.246 [main] INFO  testCases.TC_003_LoginDDT - **** Finished TC_003_LoginDDT *****
18:03:14.409 [main] INFO  testCases.TC_002_LoginTest - **** Starting TC_002_LoginTest  ****
18:03:14.418 [main] DEBUG testCases.TC_002_LoginTest - capturing application debug logs....
18:03:15.167 [main] INFO  testCases.TC_002_LoginTest - clicked on login link..
18:03:15.169 [main] INFO  testCases.TC_002_LoginTest - Entering valid email and password..
18:03:16.292 [main] INFO  testCases.TC_002_LoginTest - clicked on login button..
18:03:16.353 [main] INFO  testCases.TC_002_LoginTest - **** Finished TC_002_LoginTest  ****
18:03:53.424 [main] INFO  testCases.TC_001_AccountRegistrationTest - **** starting TC_001_AccountRegistrationTest  *****
18:03:54.092 [main] INFO  testCases.TC_001_AccountRegistrationTest - Clicked on registration link
18:03:54.092 [main] INFO  testCases.TC_001_AccountRegistrationTest - Entering customer details.. 
18:03:54.653 [main] INFO  testCases.TC_001_AccountRegistrationTest - clicked on register..
18:03:54.653 [main] INFO  testCases.TC_001_AccountRegistrationTest - **** finished TC_001_AccountRegistrationTest  *****
19:10:16.865 [main] INFO  testCases.TC_001_AccountRegistrationTest - **** starting TC_001_AccountRegistrationTest  *****
19:10:17.577 [main] INFO  testCases.TC_001_AccountRegistrationTest - Clicked on registration link
19:10:17.577 [main] INFO  testCases.TC_001_AccountRegistrationTest - Entering customer details.. 
19:10:18.179 [main] INFO  testCases.TC_001_AccountRegistrationTest - clicked on register..
19:10:18.179 [main] INFO  testCases.TC_001_AccountRegistrationTest - **** finished TC_001_AccountRegistrationTest  *****
11:03:50.054 [main] INFO  testCases.TC_001_AccountRegistrationTest - **** starting TC_001_AccountRegistrationTest  *****
11:03:50.666 [main] INFO  testCases.TC_001_AccountRegistrationTest - Clicked on registration link
11:03:50.666 [main] INFO  testCases.TC_001_AccountRegistrationTest - Entering customer details.. 
11:03:51.271 [main] INFO  testCases.TC_001_AccountRegistrationTest - clicked on register..
11:03:51.271 [main] INFO  testCases.TC_001_AccountRegistrationTest - **** finished TC_001_AccountRegistrationTest  *****
11:07:44.518 [main] INFO  testCases.TC_001_AccountRegistrationTest - **** starting TC_001_AccountRegistrationTest  *****
11:07:45.440 [main] INFO  testCases.TC_001_AccountRegistrationTest - Clicked on registration link
11:07:45.442 [main] INFO  testCases.TC_001_AccountRegistrationTest - Entering customer details.. 
11:07:46.162 [main] INFO  testCases.TC_001_AccountRegistrationTest - clicked on register..
11:07:46.162 [main] INFO  testCases.TC_001_AccountRegistrationTest - **** finished TC_001_AccountRegistrationTest  *****
11:12:02.080 [main] INFO  testCases.TC_001_AccountRegistrationTest - **** starting TC_001_AccountRegistrationTest  *****
11:12:02.889 [main] INFO  testCases.TC_001_AccountRegistrationTest - Clicked on registration link
